{"level":"info","message":"Server running on port 5000","timestamp":"2026-02-13T15:16:21.027Z"}
{"code":"28P01","file":"auth.c","length":101,"level":"error","line":"329","message":"Failed to run migration: password authentication failed for user \"admin\"","name":"error","routine":"auth_failed","severity":"FATAL","stack":"error: password authentication failed for user \"admin\"\n    at C:\\Users\\Alexander Theodore\\Documents\\myproject\\tiktok-analysis\\backend\\node_modules\\pg-pool\\index.js:45:11\n    at processTicksAndRejections (node:internal/process/task_queues:95:5)\n    at async migrate (C:\\Users\\Alexander Theodore\\Documents\\myproject\\tiktok-analysis\\backend\\src\\utils\\migrate.ts:10:5)","timestamp":"2026-02-13T15:16:21.255Z"}
{"code":"ECONNRESET","errno":-4077,"level":"error","message":"Registration error read ECONNRESET","stack":"Error: read ECONNRESET\n    at C:\\Users\\Alexander Theodore\\Documents\\myproject\\tiktok-analysis\\backend\\node_modules\\pg-pool\\index.js:45:11\n    at processTicksAndRejections (node:internal/process/task_queues:95:5)\n    at async Object.registerUser (C:\\Users\\Alexander Theodore\\Documents\\myproject\\tiktok-analysis\\backend\\src\\modules\\auth\\auth.service.ts:7:26)\n    at async register (C:\\Users\\Alexander Theodore\\Documents\\myproject\\tiktok-analysis\\backend\\src\\modules\\auth\\auth.controller.ts:11:22)","syscall":"read","timestamp":"2026-02-13T15:16:21.263Z"}
{"code":"28P01","file":"auth.c","length":101,"level":"error","line":"329","message":"Registration error password authentication failed for user \"admin\"","name":"error","routine":"auth_failed","severity":"FATAL","stack":"error: password authentication failed for user \"admin\"\n    at C:\\Users\\Alexander Theodore\\Documents\\myproject\\tiktok-analysis\\backend\\node_modules\\pg-pool\\index.js:45:11\n    at processTicksAndRejections (node:internal/process/task_queues:95:5)\n    at async Object.registerUser (C:\\Users\\Alexander Theodore\\Documents\\myproject\\tiktok-analysis\\backend\\src\\modules\\auth\\auth.service.ts:7:26)\n    at async register (C:\\Users\\Alexander Theodore\\Documents\\myproject\\tiktok-analysis\\backend\\src\\modules\\auth\\auth.controller.ts:11:22)","timestamp":"2026-02-13T15:16:22.034Z"}
{"level":"info","message":"Server running on port 5000","timestamp":"2026-02-13T15:17:03.870Z"}
{"code":"28P01","file":"auth.c","length":101,"level":"error","line":"329","message":"Failed to run migration: password authentication failed for user \"admin\"","name":"error","routine":"auth_failed","severity":"FATAL","stack":"error: password authentication failed for user \"admin\"\n    at C:\\Users\\Alexander Theodore\\Documents\\myproject\\tiktok-analysis\\backend\\node_modules\\pg-pool\\index.js:45:11\n    at processTicksAndRejections (node:internal/process/task_queues:95:5)\n    at async migrate (C:\\Users\\Alexander Theodore\\Documents\\myproject\\tiktok-analysis\\backend\\src\\utils\\migrate.ts:10:5)","timestamp":"2026-02-13T15:17:03.967Z"}
{"level":"info","message":"Server running on port 5000","timestamp":"2026-02-13T15:17:27.859Z"}
{"code":"28P01","file":"auth.c","length":101,"level":"error","line":"329","message":"Failed to run migration: password authentication failed for user \"admin\"","name":"error","routine":"auth_failed","severity":"FATAL","stack":"error: password authentication failed for user \"admin\"\n    at C:\\Users\\Alexander Theodore\\Documents\\myproject\\tiktok-analysis\\backend\\node_modules\\pg-pool\\index.js:45:11\n    at processTicksAndRejections (node:internal/process/task_queues:95:5)\n    at async migrate (C:\\Users\\Alexander Theodore\\Documents\\myproject\\tiktok-analysis\\backend\\src\\utils\\migrate.ts:10:5)","timestamp":"2026-02-13T15:17:27.964Z"}
{"code":"28P01","file":"auth.c","length":101,"level":"error","line":"329","message":"Registration error password authentication failed for user \"admin\"","name":"error","routine":"auth_failed","severity":"FATAL","stack":"error: password authentication failed for user \"admin\"\n    at C:\\Users\\Alexander Theodore\\Documents\\myproject\\tiktok-analysis\\backend\\node_modules\\pg-pool\\index.js:45:11\n    at processTicksAndRejections (node:internal/process/task_queues:95:5)\n    at async Object.registerUser (C:\\Users\\Alexander Theodore\\Documents\\myproject\\tiktok-analysis\\backend\\src\\modules\\auth\\auth.service.ts:7:26)\n    at async register (C:\\Users\\Alexander Theodore\\Documents\\myproject\\tiktok-analysis\\backend\\src\\modules\\auth\\auth.controller.ts:11:22)","timestamp":"2026-02-13T15:17:32.401Z"}
{"code":"28P01","file":"auth.c","length":101,"level":"error","line":"329","message":"Registration error password authentication failed for user \"admin\"","name":"error","routine":"auth_failed","severity":"FATAL","stack":"error: password authentication failed for user \"admin\"\n    at C:\\Users\\Alexander Theodore\\Documents\\myproject\\tiktok-analysis\\backend\\node_modules\\pg-pool\\index.js:45:11\n    at processTicksAndRejections (node:internal/process/task_queues:95:5)\n    at async Object.registerUser (C:\\Users\\Alexander Theodore\\Documents\\myproject\\tiktok-analysis\\backend\\src\\modules\\auth\\auth.service.ts:7:26)\n    at async register (C:\\Users\\Alexander Theodore\\Documents\\myproject\\tiktok-analysis\\backend\\src\\modules\\auth\\auth.controller.ts:11:22)","timestamp":"2026-02-13T15:17:55.171Z"}
{"code":"28P01","file":"auth.c","length":101,"level":"error","line":"329","message":"Registration error password authentication failed for user \"admin\"","name":"error","routine":"auth_failed","severity":"FATAL","stack":"error: password authentication failed for user \"admin\"\n    at C:\\Users\\Alexander Theodore\\Documents\\myproject\\tiktok-analysis\\backend\\node_modules\\pg-pool\\index.js:45:11\n    at processTicksAndRejections (node:internal/process/task_queues:95:5)\n    at async Object.registerUser (C:\\Users\\Alexander Theodore\\Documents\\myproject\\tiktok-analysis\\backend\\src\\modules\\auth\\auth.service.ts:7:26)\n    at async register (C:\\Users\\Alexander Theodore\\Documents\\myproject\\tiktok-analysis\\backend\\src\\modules\\auth\\auth.controller.ts:11:22)","timestamp":"2026-02-13T15:19:04.288Z"}
{"level":"info","message":"Server running on port 5000","timestamp":"2026-02-13T15:21:29.878Z"}
{"code":"28P01","file":"auth.c","length":101,"level":"error","line":"329","message":"Failed to run migration: password authentication failed for user \"admin\"","name":"error","routine":"auth_failed","severity":"FATAL","stack":"error: password authentication failed for user \"admin\"\n    at C:\\Users\\Alexander Theodore\\Documents\\myproject\\tiktok-analysis\\backend\\node_modules\\pg-pool\\index.js:45:11\n    at processTicksAndRejections (node:internal/process/task_queues:95:5)\n    at async migrate (C:\\Users\\Alexander Theodore\\Documents\\myproject\\tiktok-analysis\\backend\\src\\utils\\migrate.ts:10:5)","timestamp":"2026-02-13T15:21:29.995Z"}
{"level":"info","message":"Seeding admin user...","timestamp":"2026-02-13T15:21:36.739Z"}
{"code":"28P01","file":"auth.c","length":101,"level":"error","line":"329","message":"❌ Failed to seed admin: password authentication failed for user \"admin\"","name":"error","routine":"auth_failed","severity":"FATAL","stack":"error: password authentication failed for user \"admin\"\n    at C:\\Users\\Alexander Theodore\\Documents\\myproject\\tiktok-analysis\\backend\\node_modules\\pg-pool\\index.js:45:11\n    at processTicksAndRejections (node:internal/process/task_queues:95:5)\n    at async registerUser (C:\\Users\\Alexander Theodore\\Documents\\myproject\\tiktok-analysis\\backend\\src\\modules\\auth\\auth.service.ts:7:26)\n    at async seed (C:\\Users\\Alexander Theodore\\Documents\\myproject\\tiktok-analysis\\backend\\src\\scripts\\seed.ts:8:9)","timestamp":"2026-02-13T15:21:36.868Z"}
{"code":"28P01","file":"auth.c","length":101,"level":"error","line":"329","message":"Login error password authentication failed for user \"admin\"","name":"error","routine":"auth_failed","severity":"FATAL","stack":"error: password authentication failed for user \"admin\"\n    at C:\\Users\\Alexander Theodore\\Documents\\myproject\\tiktok-analysis\\backend\\node_modules\\pg-pool\\index.js:45:11\n    at processTicksAndRejections (node:internal/process/task_queues:95:5)\n    at async Object.loginUser (C:\\Users\\Alexander Theodore\\Documents\\myproject\\tiktok-analysis\\backend\\src\\modules\\auth\\auth.service.ts:21:20)\n    at async login (C:\\Users\\Alexander Theodore\\Documents\\myproject\\tiktok-analysis\\backend\\src\\modules\\auth\\auth.controller.ts:22:24)","timestamp":"2026-02-13T15:22:22.203Z"}
{"code":"28P01","file":"auth.c","length":101,"level":"error","line":"329","message":"Login error password authentication failed for user \"admin\"","name":"error","routine":"auth_failed","severity":"FATAL","stack":"error: password authentication failed for user \"admin\"\n    at C:\\Users\\Alexander Theodore\\Documents\\myproject\\tiktok-analysis\\backend\\node_modules\\pg-pool\\index.js:45:11\n    at processTicksAndRejections (node:internal/process/task_queues:95:5)\n    at async Object.loginUser (C:\\Users\\Alexander Theodore\\Documents\\myproject\\tiktok-analysis\\backend\\src\\modules\\auth\\auth.service.ts:21:20)\n    at async login (C:\\Users\\Alexander Theodore\\Documents\\myproject\\tiktok-analysis\\backend\\src\\modules\\auth\\auth.controller.ts:22:24)","timestamp":"2026-02-13T15:22:24.365Z"}
{"code":"28P01","file":"auth.c","length":101,"level":"error","line":"329","message":"Login error password authentication failed for user \"admin\"","name":"error","routine":"auth_failed","severity":"FATAL","stack":"error: password authentication failed for user \"admin\"\n    at C:\\Users\\Alexander Theodore\\Documents\\myproject\\tiktok-analysis\\backend\\node_modules\\pg-pool\\index.js:45:11\n    at processTicksAndRejections (node:internal/process/task_queues:95:5)\n    at async Object.loginUser (C:\\Users\\Alexander Theodore\\Documents\\myproject\\tiktok-analysis\\backend\\src\\modules\\auth\\auth.service.ts:21:20)\n    at async login (C:\\Users\\Alexander Theodore\\Documents\\myproject\\tiktok-analysis\\backend\\src\\modules\\auth\\auth.controller.ts:22:24)","timestamp":"2026-02-13T15:22:42.364Z"}
{"level":"info","message":"Server running on port 5000","timestamp":"2026-02-13T15:24:22.741Z"}
{"code":"28P01","file":"auth.c","length":101,"level":"error","line":"329","message":"Failed to run migration: password authentication failed for user \"admin\"","name":"error","routine":"auth_failed","severity":"FATAL","stack":"error: password authentication failed for user \"admin\"\n    at C:\\Users\\Alexander Theodore\\Documents\\myproject\\tiktok-analysis\\backend\\node_modules\\pg-pool\\index.js:45:11\n    at processTicksAndRejections (node:internal/process/task_queues:95:5)\n    at async migrate (C:\\Users\\Alexander Theodore\\Documents\\myproject\\tiktok-analysis\\backend\\src\\utils\\migrate.ts:10:5)","timestamp":"2026-02-13T15:24:22.845Z"}
{"level":"info","message":"Seeding admin user...","timestamp":"2026-02-13T15:24:32.495Z"}
{"code":"28P01","file":"auth.c","length":101,"level":"error","line":"329","message":"❌ Failed to seed admin: password authentication failed for user \"admin\"","name":"error","routine":"auth_failed","severity":"FATAL","stack":"error: password authentication failed for user \"admin\"\n    at C:\\Users\\Alexander Theodore\\Documents\\myproject\\tiktok-analysis\\backend\\node_modules\\pg-pool\\index.js:45:11\n    at processTicksAndRejections (node:internal/process/task_queues:95:5)\n    at async registerUser (C:\\Users\\Alexander Theodore\\Documents\\myproject\\tiktok-analysis\\backend\\src\\modules\\auth\\auth.service.ts:7:26)\n    at async seed (C:\\Users\\Alexander Theodore\\Documents\\myproject\\tiktok-analysis\\backend\\src\\scripts\\seed.ts:8:9)","timestamp":"2026-02-13T15:24:32.617Z"}
{"level":"info","message":"Server running on port 5000","timestamp":"2026-02-13T15:25:07.507Z"}
{"code":"28P01","file":"auth.c","length":101,"level":"error","line":"329","message":"Failed to run migration: password authentication failed for user \"admin\"","name":"error","routine":"auth_failed","severity":"FATAL","stack":"error: password authentication failed for user \"admin\"\n    at C:\\Users\\Alexander Theodore\\Documents\\myproject\\tiktok-analysis\\backend\\node_modules\\pg-pool\\index.js:45:11\n    at processTicksAndRejections (node:internal/process/task_queues:95:5)\n    at async migrate (C:\\Users\\Alexander Theodore\\Documents\\myproject\\tiktok-analysis\\backend\\src\\utils\\migrate.ts:10:5)","timestamp":"2026-02-13T15:25:07.608Z"}
{"code":"28P01","file":"auth.c","length":101,"level":"error","line":"329","message":"Login error password authentication failed for user \"admin\"","name":"error","routine":"auth_failed","severity":"FATAL","stack":"error: password authentication failed for user \"admin\"\n    at C:\\Users\\Alexander Theodore\\Documents\\myproject\\tiktok-analysis\\backend\\node_modules\\pg-pool\\index.js:45:11\n    at processTicksAndRejections (node:internal/process/task_queues:95:5)\n    at async Object.loginUser (C:\\Users\\Alexander Theodore\\Documents\\myproject\\tiktok-analysis\\backend\\src\\modules\\auth\\auth.service.ts:21:20)\n    at async login (C:\\Users\\Alexander Theodore\\Documents\\myproject\\tiktok-analysis\\backend\\src\\modules\\auth\\auth.controller.ts:22:24)","timestamp":"2026-02-13T15:26:10.775Z"}
{"code":"28P01","file":"auth.c","length":101,"level":"error","line":"329","message":"Login error password authentication failed for user \"admin\"","name":"error","routine":"auth_failed","severity":"FATAL","stack":"error: password authentication failed for user \"admin\"\n    at C:\\Users\\Alexander Theodore\\Documents\\myproject\\tiktok-analysis\\backend\\node_modules\\pg-pool\\index.js:45:11\n    at processTicksAndRejections (node:internal/process/task_queues:95:5)\n    at async Object.loginUser (C:\\Users\\Alexander Theodore\\Documents\\myproject\\tiktok-analysis\\backend\\src\\modules\\auth\\auth.service.ts:21:20)\n    at async login (C:\\Users\\Alexander Theodore\\Documents\\myproject\\tiktok-analysis\\backend\\src\\modules\\auth\\auth.controller.ts:22:24)","timestamp":"2026-02-13T15:26:29.048Z"}
{"code":"28P01","file":"auth.c","length":101,"level":"error","line":"329","message":"Login error password authentication failed for user \"admin\"","name":"error","routine":"auth_failed","severity":"FATAL","stack":"error: password authentication failed for user \"admin\"\n    at C:\\Users\\Alexander Theodore\\Documents\\myproject\\tiktok-analysis\\backend\\node_modules\\pg-pool\\index.js:45:11\n    at processTicksAndRejections (node:internal/process/task_queues:95:5)\n    at async Object.loginUser (C:\\Users\\Alexander Theodore\\Documents\\myproject\\tiktok-analysis\\backend\\src\\modules\\auth\\auth.service.ts:21:20)\n    at async login (C:\\Users\\Alexander Theodore\\Documents\\myproject\\tiktok-analysis\\backend\\src\\modules\\auth\\auth.controller.ts:22:24)","timestamp":"2026-02-13T15:26:30.379Z"}
{"code":"28P01","file":"auth.c","length":101,"level":"error","line":"329","message":"Login error password authentication failed for user \"admin\"","name":"error","routine":"auth_failed","severity":"FATAL","stack":"error: password authentication failed for user \"admin\"\n    at C:\\Users\\Alexander Theodore\\Documents\\myproject\\tiktok-analysis\\backend\\node_modules\\pg-pool\\index.js:45:11\n    at processTicksAndRejections (node:internal/process/task_queues:95:5)\n    at async Object.loginUser (C:\\Users\\Alexander Theodore\\Documents\\myproject\\tiktok-analysis\\backend\\src\\modules\\auth\\auth.service.ts:21:20)\n    at async login (C:\\Users\\Alexander Theodore\\Documents\\myproject\\tiktok-analysis\\backend\\src\\modules\\auth\\auth.controller.ts:22:24)","timestamp":"2026-02-13T15:26:31.972Z"}
{"code":"28P01","file":"auth.c","length":101,"level":"error","line":"329","message":"Login error password authentication failed for user \"admin\"","name":"error","routine":"auth_failed","severity":"FATAL","stack":"error: password authentication failed for user \"admin\"\n    at C:\\Users\\Alexander Theodore\\Documents\\myproject\\tiktok-analysis\\backend\\node_modules\\pg-pool\\index.js:45:11\n    at processTicksAndRejections (node:internal/process/task_queues:95:5)\n    at async Object.loginUser (C:\\Users\\Alexander Theodore\\Documents\\myproject\\tiktok-analysis\\backend\\src\\modules\\auth\\auth.service.ts:21:20)\n    at async login (C:\\Users\\Alexander Theodore\\Documents\\myproject\\tiktok-analysis\\backend\\src\\modules\\auth\\auth.controller.ts:22:24)","timestamp":"2026-02-13T15:26:32.305Z"}
{"code":"28P01","file":"auth.c","length":101,"level":"error","line":"329","message":"Login error password authentication failed for user \"admin\"","name":"error","routine":"auth_failed","severity":"FATAL","stack":"error: password authentication failed for user \"admin\"\n    at C:\\Users\\Alexander Theodore\\Documents\\myproject\\tiktok-analysis\\backend\\node_modules\\pg-pool\\index.js:45:11\n    at processTicksAndRejections (node:internal/process/task_queues:95:5)\n    at async Object.loginUser (C:\\Users\\Alexander Theodore\\Documents\\myproject\\tiktok-analysis\\backend\\src\\modules\\auth\\auth.service.ts:21:20)\n    at async login (C:\\Users\\Alexander Theodore\\Documents\\myproject\\tiktok-analysis\\backend\\src\\modules\\auth\\auth.controller.ts:22:24)","timestamp":"2026-02-13T15:26:32.489Z"}
{"code":"28P01","file":"auth.c","length":101,"level":"error","line":"329","message":"Login error password authentication failed for user \"admin\"","name":"error","routine":"auth_failed","severity":"FATAL","stack":"error: password authentication failed for user \"admin\"\n    at C:\\Users\\Alexander Theodore\\Documents\\myproject\\tiktok-analysis\\backend\\node_modules\\pg-pool\\index.js:45:11\n    at processTicksAndRejections (node:internal/process/task_queues:95:5)\n    at async Object.loginUser (C:\\Users\\Alexander Theodore\\Documents\\myproject\\tiktok-analysis\\backend\\src\\modules\\auth\\auth.service.ts:21:20)\n    at async login (C:\\Users\\Alexander Theodore\\Documents\\myproject\\tiktok-analysis\\backend\\src\\modules\\auth\\auth.controller.ts:22:24)","timestamp":"2026-02-13T15:26:32.639Z"}
{"level":"info","message":"Seeding admin user...","timestamp":"2026-02-13T15:27:50.532Z"}
{"code":"28P01","file":"auth.c","length":101,"level":"error","line":"329","message":"❌ Failed to seed admin: password authentication failed for user \"admin\"","name":"error","routine":"auth_failed","severity":"FATAL","stack":"error: password authentication failed for user \"admin\"\n    at C:\\Users\\Alexander Theodore\\Documents\\myproject\\tiktok-analysis\\backend\\node_modules\\pg-pool\\index.js:45:11\n    at processTicksAndRejections (node:internal/process/task_queues:95:5)\n    at async registerUser (C:\\Users\\Alexander Theodore\\Documents\\myproject\\tiktok-analysis\\backend\\src\\modules\\auth\\auth.service.ts:7:26)\n    at async seed (C:\\Users\\Alexander Theodore\\Documents\\myproject\\tiktok-analysis\\backend\\src\\scripts\\seed.ts:8:9)","timestamp":"2026-02-13T15:27:50.656Z"}
{"level":"info","message":"Server running on port 5000","timestamp":"2026-02-13T15:28:25.103Z"}
{"code":"28P01","file":"auth.c","length":101,"level":"error","line":"329","message":"Failed to run migration: password authentication failed for user \"admin\"","name":"error","routine":"auth_failed","severity":"FATAL","stack":"error: password authentication failed for user \"admin\"\n    at C:\\Users\\Alexander Theodore\\Documents\\myproject\\tiktok-analysis\\backend\\node_modules\\pg-pool\\index.js:45:11\n    at processTicksAndRejections (node:internal/process/task_queues:95:5)\n    at async migrate (C:\\Users\\Alexander Theodore\\Documents\\myproject\\tiktok-analysis\\backend\\src\\utils\\migrate.ts:10:5)","timestamp":"2026-02-13T15:28:25.210Z"}
{"code":"28P01","file":"auth.c","length":101,"level":"error","line":"329","message":"Login error password authentication failed for user \"admin\"","name":"error","routine":"auth_failed","severity":"FATAL","stack":"error: password authentication failed for user \"admin\"\n    at C:\\Users\\Alexander Theodore\\Documents\\myproject\\tiktok-analysis\\backend\\node_modules\\pg-pool\\index.js:45:11\n    at processTicksAndRejections (node:internal/process/task_queues:95:5)\n    at async Object.loginUser (C:\\Users\\Alexander Theodore\\Documents\\myproject\\tiktok-analysis\\backend\\src\\modules\\auth\\auth.service.ts:21:20)\n    at async login (C:\\Users\\Alexander Theodore\\Documents\\myproject\\tiktok-analysis\\backend\\src\\modules\\auth\\auth.controller.ts:22:24)","timestamp":"2026-02-13T15:28:28.195Z"}
{"code":"28P01","file":"auth.c","length":101,"level":"error","line":"329","message":"Login error password authentication failed for user \"admin\"","name":"error","routine":"auth_failed","severity":"FATAL","stack":"error: password authentication failed for user \"admin\"\n    at C:\\Users\\Alexander Theodore\\Documents\\myproject\\tiktok-analysis\\backend\\node_modules\\pg-pool\\index.js:45:11\n    at processTicksAndRejections (node:internal/process/task_queues:95:5)\n    at async Object.loginUser (C:\\Users\\Alexander Theodore\\Documents\\myproject\\tiktok-analysis\\backend\\src\\modules\\auth\\auth.service.ts:21:20)\n    at async login (C:\\Users\\Alexander Theodore\\Documents\\myproject\\tiktok-analysis\\backend\\src\\modules\\auth\\auth.controller.ts:22:24)","timestamp":"2026-02-13T15:28:30.093Z"}
{"code":"28P01","file":"auth.c","length":101,"level":"error","line":"329","message":"Login error password authentication failed for user \"admin\"","name":"error","routine":"auth_failed","severity":"FATAL","stack":"error: password authentication failed for user \"admin\"\n    at C:\\Users\\Alexander Theodore\\Documents\\myproject\\tiktok-analysis\\backend\\node_modules\\pg-pool\\index.js:45:11\n    at processTicksAndRejections (node:internal/process/task_queues:95:5)\n    at async Object.loginUser (C:\\Users\\Alexander Theodore\\Documents\\myproject\\tiktok-analysis\\backend\\src\\modules\\auth\\auth.service.ts:21:20)\n    at async login (C:\\Users\\Alexander Theodore\\Documents\\myproject\\tiktok-analysis\\backend\\src\\modules\\auth\\auth.controller.ts:22:24)","timestamp":"2026-02-13T15:28:38.279Z"}
{"level":"info","message":"🔌 Attempting DB Connection to: postgres://superuser:****@127.0.0.1:5432/tiktok_analyzer","timestamp":"2026-02-13T15:29:49.960Z"}
{"level":"info","message":"Server running on port 5000","timestamp":"2026-02-13T15:29:51.099Z"}
{"code":"28000","file":"miscinit.c","length":101,"level":"error","line":"770","message":"Failed to run migration: role \"superuser\" does not exist","name":"error","routine":"InitializeSessionUserId","severity":"FATAL","stack":"error: role \"superuser\" does not exist\n    at C:\\Users\\Alexander Theodore\\Documents\\myproject\\tiktok-analysis\\backend\\node_modules\\pg-pool\\index.js:45:11\n    at processTicksAndRejections (node:internal/process/task_queues:95:5)\n    at async migrate (C:\\Users\\Alexander Theodore\\Documents\\myproject\\tiktok-analysis\\backend\\src\\utils\\migrate.ts:10:5)","timestamp":"2026-02-13T15:29:51.183Z"}
{"level":"info","message":"🔌 Attempting DB Connection to: postgres://superuser:****@127.0.0.1:5432/tiktok_analyzer","timestamp":"2026-02-13T15:30:10.626Z"}
{"level":"info","message":"Seeding admin user...","timestamp":"2026-02-13T15:30:10.635Z"}
{"code":"28000","file":"miscinit.c","length":101,"level":"error","line":"770","message":"❌ Failed to seed admin: role \"superuser\" does not exist","name":"error","routine":"InitializeSessionUserId","severity":"FATAL","stack":"error: role \"superuser\" does not exist\n    at C:\\Users\\Alexander Theodore\\Documents\\myproject\\tiktok-analysis\\backend\\node_modules\\pg-pool\\index.js:45:11\n    at processTicksAndRejections (node:internal/process/task_queues:95:5)\n    at async registerUser (C:\\Users\\Alexander Theodore\\Documents\\myproject\\tiktok-analysis\\backend\\src\\modules\\auth\\auth.service.ts:7:26)\n    at async seed (C:\\Users\\Alexander Theodore\\Documents\\myproject\\tiktok-analysis\\backend\\src\\scripts\\seed.ts:8:9)","timestamp":"2026-02-13T15:30:10.713Z"}
{"level":"info","message":"🔌 Attempting DB Connection to: postgres://superuser:****@127.0.0.1:5432/tiktok_analyzer","timestamp":"2026-02-13T15:30:49.086Z"}
{"level":"info","message":"Server running on port 5000","timestamp":"2026-02-13T15:30:50.178Z"}
{"code":"28000","file":"miscinit.c","length":101,"level":"error","line":"770","message":"Failed to run migration: role \"superuser\" does not exist","name":"error","routine":"InitializeSessionUserId","severity":"FATAL","stack":"error: role \"superuser\" does not exist\n    at C:\\Users\\Alexander Theodore\\Documents\\myproject\\tiktok-analysis\\backend\\node_modules\\pg-pool\\index.js:45:11\n    at processTicksAndRejections (node:internal/process/task_queues:95:5)\n    at async migrate (C:\\Users\\Alexander Theodore\\Documents\\myproject\\tiktok-analysis\\backend\\src\\utils\\migrate.ts:10:5)","timestamp":"2026-02-13T15:30:50.245Z"}
{"code":"28000","file":"miscinit.c","length":101,"level":"error","line":"770","message":"Login error role \"superuser\" does not exist","name":"error","routine":"InitializeSessionUserId","severity":"FATAL","stack":"error: role \"superuser\" does not exist\n    at C:\\Users\\Alexander Theodore\\Documents\\myproject\\tiktok-analysis\\backend\\node_modules\\pg-pool\\index.js:45:11\n    at processTicksAndRejections (node:internal/process/task_queues:95:5)\n    at async Object.loginUser (C:\\Users\\Alexander Theodore\\Documents\\myproject\\tiktok-analysis\\backend\\src\\modules\\auth\\auth.service.ts:21:20)\n    at async login (C:\\Users\\Alexander Theodore\\Documents\\myproject\\tiktok-analysis\\backend\\src\\modules\\auth\\auth.controller.ts:22:24)","timestamp":"2026-02-13T15:31:13.641Z"}
{"level":"info","message":"🔌 Attempting DB Connection to: postgres://postgres:****@127.0.0.1:5433/tiktok_analyzer","timestamp":"2026-02-13T15:32:19.715Z"}
{"level":"info","message":"Seeding admin user...","timestamp":"2026-02-13T15:32:19.723Z"}
{"code":"42P01","file":"parse_relation.c","length":104,"level":"error","line":"1392","message":"❌ Failed to seed admin: relation \"users\" does not exist","name":"error","position":"15","routine":"parserOpenTable","severity":"ERROR","stack":"error: relation \"users\" does not exist\n    at C:\\Users\\Alexander Theodore\\Documents\\myproject\\tiktok-analysis\\backend\\node_modules\\pg-pool\\index.js:45:11\n    at processTicksAndRejections (node:internal/process/task_queues:95:5)\n    at async registerUser (C:\\Users\\Alexander Theodore\\Documents\\myproject\\tiktok-analysis\\backend\\src\\modules\\auth\\auth.service.ts:7:26)\n    at async seed (C:\\Users\\Alexander Theodore\\Documents\\myproject\\tiktok-analysis\\backend\\src\\scripts\\seed.ts:8:9)","timestamp":"2026-02-13T15:32:19.821Z"}
{"level":"info","message":"🔌 Attempting DB Connection to: postgres://postgres:****@127.0.0.1:5433/tiktok_analyzer","timestamp":"2026-02-13T15:32:55.339Z"}
{"level":"info","message":"Server running on port 5000","timestamp":"2026-02-13T15:32:56.532Z"}
{"level":"info","message":"Database schema initialized.","timestamp":"2026-02-13T15:32:56.715Z"}
{"level":"error","message":"Login error Invalid credentials","stack":"Error: Invalid credentials\n    at Object.loginUser (C:\\Users\\Alexander Theodore\\Documents\\myproject\\tiktok-analysis\\backend\\src\\modules\\auth\\auth.service.ts:23:15)\n    at processTicksAndRejections (node:internal/process/task_queues:95:5)\n    at async login (C:\\Users\\Alexander Theodore\\Documents\\myproject\\tiktok-analysis\\backend\\src\\modules\\auth\\auth.controller.ts:22:24)","timestamp":"2026-02-13T15:33:02.570Z"}
{"level":"error","message":"Login error Invalid credentials","stack":"Error: Invalid credentials\n    at Object.loginUser (C:\\Users\\Alexander Theodore\\Documents\\myproject\\tiktok-analysis\\backend\\src\\modules\\auth\\auth.service.ts:23:15)\n    at processTicksAndRejections (node:internal/process/task_queues:95:5)\n    at async login (C:\\Users\\Alexander Theodore\\Documents\\myproject\\tiktok-analysis\\backend\\src\\modules\\auth\\auth.controller.ts:22:24)","timestamp":"2026-02-13T15:33:24.126Z"}
{"level":"info","message":"🔌 Attempting DB Connection to: postgres://postgres:****@127.0.0.1:5433/tiktok_analyzer","timestamp":"2026-02-13T15:34:30.586Z"}
{"level":"info","message":"Server running on port 5000","timestamp":"2026-02-13T15:34:31.784Z"}
{"level":"info","message":"Database schema initialized.","timestamp":"2026-02-13T15:34:31.874Z"}
{"level":"info","message":"🔌 Attempting DB Connection to: postgres://postgres:****@127.0.0.1:5433/tiktok_analyzer","timestamp":"2026-02-13T15:35:16.135Z"}
{"level":"info","message":"Server running on port 5000","timestamp":"2026-02-13T15:35:17.409Z"}
{"level":"info","message":"Database schema initialized.","timestamp":"2026-02-13T15:35:17.511Z"}
{"level":"info","message":"Processing job 1","timestamp":"2026-02-13T15:36:11.242Z"}
{"level":"info","message":"Job 1 completed","timestamp":"2026-02-13T15:36:13.299Z"}
{"level":"info","message":"1 has completed!","timestamp":"2026-02-13T15:36:13.308Z"}
{"level":"info","message":"Processing job 2","timestamp":"2026-02-13T15:37:24.024Z"}
{"level":"info","message":"Job 2 completed","timestamp":"2026-02-13T15:37:26.043Z"}
{"level":"info","message":"2 has completed!","timestamp":"2026-02-13T15:37:26.046Z"}
{"level":"info","message":"Processing job 3","timestamp":"2026-02-13T15:39:32.877Z"}
{"level":"info","message":"Job 3 completed","timestamp":"2026-02-13T15:39:34.900Z"}
{"level":"info","message":"3 has completed!","timestamp":"2026-02-13T15:39:34.904Z"}
{"level":"info","message":"🔌 Attempting DB Connection to: postgres://postgres:****@127.0.0.1:5433/tiktok_analyzer","timestamp":"2026-02-13T15:43:39.743Z"}
{"level":"info","message":"Server running on port 5000","timestamp":"2026-02-13T15:43:40.893Z"}
{"level":"info","message":"Database schema initialized.","timestamp":"2026-02-13T15:43:40.984Z"}
{"level":"info","message":"🔌 Attempting DB Connection to: postgres://postgres:****@127.0.0.1:5433/tiktok_analyzer","timestamp":"2026-02-13T15:44:19.340Z"}
{"level":"info","message":"Server running on port 5000","timestamp":"2026-02-13T15:44:20.548Z"}
{"level":"info","message":"Database schema initialized.","timestamp":"2026-02-13T15:44:20.640Z"}
{"level":"info","message":"Processing job 4","timestamp":"2026-02-13T15:46:16.727Z"}
{"level":"info","message":"Job 4 completed","timestamp":"2026-02-13T15:46:18.796Z"}
{"level":"info","message":"4 has completed!","timestamp":"2026-02-13T15:46:18.804Z"}
{"level":"info","message":"Processing job 5","timestamp":"2026-02-13T15:47:20.412Z"}
{"level":"info","message":"Job 5 completed","timestamp":"2026-02-13T15:47:22.470Z"}
{"level":"info","message":"5 has completed!","timestamp":"2026-02-13T15:47:22.474Z"}
{"level":"info","message":"🔌 Attempting DB Connection to: postgres://postgres:****@127.0.0.1:5433/tiktok_analyzer","timestamp":"2026-02-13T15:48:27.610Z"}
{"level":"info","message":"Server running on port 5000","timestamp":"2026-02-13T15:48:28.714Z"}
{"level":"info","message":"Database schema initialized.","timestamp":"2026-02-13T15:48:28.821Z"}
{"level":"info","message":"🔌 Attempting DB Connection to: postgres://postgres:****@127.0.0.1:5433/tiktok_analyzer","timestamp":"2026-02-13T15:48:44.834Z"}
{"level":"info","message":"Server running on port 5000","timestamp":"2026-02-13T15:48:46.199Z"}
{"level":"info","message":"Database schema initialized.","timestamp":"2026-02-13T15:48:46.298Z"}
{"level":"info","message":"🔌 Attempting DB Connection to: postgres://postgres:****@127.0.0.1:5433/tiktok_analyzer","timestamp":"2026-02-13T15:50:23.812Z"}
{"level":"info","message":"Server running on port 5000","timestamp":"2026-02-13T15:50:24.983Z"}
{"level":"info","message":"Database schema initialized.","timestamp":"2026-02-13T15:50:25.109Z"}
{"level":"info","message":"🔌 Attempting DB Connection to: postgres://postgres:****@127.0.0.1:5433/tiktok_analyzer","timestamp":"2026-02-13T15:51:23.660Z"}
{"level":"info","message":"Server running on port 5000","timestamp":"2026-02-13T15:51:24.811Z"}
{"level":"info","message":"Database schema initialized.","timestamp":"2026-02-13T15:51:24.893Z"}
{"level":"info","message":"Processing job 6","timestamp":"2026-02-13T15:51:39.218Z"}
{"level":"info","message":"Job 6 completed for @jeromepolin98","timestamp":"2026-02-13T15:51:39.628Z"}
{"level":"info","message":"6 has completed!","timestamp":"2026-02-13T15:51:39.636Z"}
{"level":"info","message":"Processing job 7","timestamp":"2026-02-13T15:52:58.742Z"}
{"level":"info","message":"Job 7 completed for @moonlighta26","timestamp":"2026-02-13T15:52:59.026Z"}
{"level":"info","message":"7 has completed!","timestamp":"2026-02-13T15:52:59.030Z"}
{"level":"info","message":"🔌 Attempting DB Connection to: postgres://postgres:****@127.0.0.1:5433/tiktok_analyzer","timestamp":"2026-02-13T15:55:48.364Z"}
{"level":"info","message":"Server running on port 5000","timestamp":"2026-02-13T15:55:49.955Z"}
{"level":"info","message":"Database schema initialized.","timestamp":"2026-02-13T15:55:50.076Z"}
{"level":"info","message":"🔌 Attempting DB Connection to: postgres://postgres:****@127.0.0.1:5433/tiktok_analyzer","timestamp":"2026-02-13T15:56:30.836Z"}
{"level":"info","message":"Server running on port 5000","timestamp":"2026-02-13T15:56:32.236Z"}
{"level":"info","message":"Database schema initialized.","timestamp":"2026-02-13T15:56:32.323Z"}
{"level":"info","message":"Processing job 8","timestamp":"2026-02-13T16:02:47.454Z"}
{"level":"info","message":"Job 8 completed for @dennysantoso.brainboost","timestamp":"2026-02-13T16:02:47.872Z"}
{"level":"info","message":"8 has completed!","timestamp":"2026-02-13T16:02:47.880Z"}
{"level":"info","message":"🔌 Attempting DB Connection to: postgres://postgres:****@127.0.0.1:5433/tiktok_analyzer","timestamp":"2026-02-13T16:08:15.722Z"}
{"level":"info","message":"Server running on port 5000","timestamp":"2026-02-13T16:08:17.358Z"}
{"level":"info","message":"Database schema initialized.","timestamp":"2026-02-13T16:08:17.488Z"}
{"level":"info","message":"ℹ️ Admin user already exists. Skipping seed.","timestamp":"2026-02-13T16:08:17.514Z"}
{"level":"info","message":"🔌 Attempting DB Connection to: postgres://postgres:****@127.0.0.1:5433/tiktok_analyzer","timestamp":"2026-02-19T05:59:11.687Z"}
{"level":"info","message":"Server running on port 5000","timestamp":"2026-02-19T05:59:13.768Z"}
{"level":"info","message":"Database schema initialized.","timestamp":"2026-02-19T05:59:13.981Z"}
{"level":"info","message":"ℹ️ Admin user already exists. Skipping seed.","timestamp":"2026-02-19T05:59:14.033Z"}
{"level":"info","message":"Processing job 9","timestamp":"2026-02-19T06:01:52.663Z"}
{"level":"info","message":"Job 9 completed for @fls.funny","timestamp":"2026-02-19T06:01:53.103Z"}
{"level":"info","message":"9 has completed!","timestamp":"2026-02-19T06:01:53.115Z"}
{"level":"info","message":"🔌 Attempting DB Connection to: postgres://postgres:****@127.0.0.1:5433/tiktok_analyzer","timestamp":"2026-02-19T06:26:46.498Z"}
{"level":"info","message":"Server running on port 5000","timestamp":"2026-02-19T06:26:48.129Z"}
{"level":"info","message":"Database schema initialized.","timestamp":"2026-02-19T06:26:48.237Z"}
{"level":"info","message":"ℹ️ Admin user already exists. Skipping seed.","timestamp":"2026-02-19T06:26:48.263Z"}
{"level":"info","message":"🔌 Attempting DB Connection to: postgres://postgres:****@127.0.0.1:5433/tiktok_analyzer","timestamp":"2026-03-02T09:41:26.357Z"}
{"level":"info","message":"Server running on port 5000","timestamp":"2026-03-02T09:41:28.021Z"}
{"level":"info","message":"Database schema initialized.","timestamp":"2026-03-02T09:41:28.184Z"}
{"level":"info","message":"ℹ️ Admin user already exists. Skipping seed.","timestamp":"2026-03-02T09:41:28.228Z"}
{"level":"info","message":"🔌 Attempting DB Connection to: postgres://postgres:****@127.0.0.1:5433/tiktok_analyzer","timestamp":"2026-03-02T09:55:43.352Z"}
{"level":"info","message":"Server running on port 5000","timestamp":"2026-03-02T09:55:44.715Z"}
{"level":"info","message":"Database schema initialized.","timestamp":"2026-03-02T09:55:44.826Z"}
{"level":"info","message":"ℹ️ Admin user already exists. Skipping seed.","timestamp":"2026-03-02T09:55:44.855Z"}
{"level":"info","message":"🔌 Attempting DB Connection to: postgres://postgres:****@127.0.0.1:5433/tiktok_analyzer","timestamp":"2026-03-02T09:56:48.992Z"}
{"level":"info","message":"Server running on port 5000","timestamp":"2026-03-02T09:56:50.394Z"}
{"level":"info","message":"Database schema initialized.","timestamp":"2026-03-02T09:56:50.486Z"}
{"level":"info","message":"ℹ️ Admin user already exists. Skipping seed.","timestamp":"2026-03-02T09:56:50.508Z"}
{"level":"info","message":"🔌 Attempting DB Connection to: postgres://postgres:****@127.0.0.1:5433/tiktok_analyzer","timestamp":"2026-03-10T06:15:57.519Z"}
{"level":"info","message":"Server running on port 5000","timestamp":"2026-03-10T06:16:00.737Z"}
{"level":"info","message":"Database schema initialized.","timestamp":"2026-03-10T06:16:00.962Z"}
{"level":"info","message":"ℹ️ Admin user already exists. Skipping seed.","timestamp":"2026-03-10T06:16:01.052Z"}
{"level":"info","message":"🔌 Attempting DB Connection to: postgres://postgres:****@127.0.0.1:5433/tiktok_analyzer","timestamp":"2026-03-10T06:36:09.180Z"}
{"level":"info","message":"Server running on port 5000","timestamp":"2026-03-10T06:36:10.627Z"}
{"level":"info","message":"Database schema initialized.","timestamp":"2026-03-10T06:36:10.719Z"}
{"level":"info","message":"ℹ️ Admin user already exists. Skipping seed.","timestamp":"2026-03-10T06:36:10.737Z"}
{"level":"info","message":"🔌 Attempting DB Connection to: postgres://postgres:****@127.0.0.1:5433/tiktok_analyzer","timestamp":"2026-03-10T06:36:49.130Z"}
{"level":"info","message":"Server running on port 5000","timestamp":"2026-03-10T06:36:50.311Z"}
{"level":"info","message":"Database schema initialized.","timestamp":"2026-03-10T06:36:50.388Z"}
{"level":"info","message":"ℹ️ Admin user already exists. Skipping seed.","timestamp":"2026-03-10T06:36:50.404Z"}
{"level":"info","message":"Processing job 10","timestamp":"2026-03-10T06:44:16.655Z"}
{"level":"info","message":"Job 10 completed for @dennysantoso.brainboost","timestamp":"2026-03-10T06:44:17.048Z"}
{"level":"info","message":"10 has completed!","timestamp":"2026-03-10T06:44:17.057Z"}
{"level":"info","message":"Processing job 11","timestamp":"2026-03-10T06:44:37.436Z"}
{"level":"info","message":"Job 11 completed for @insta_creator","timestamp":"2026-03-10T06:44:37.493Z"}
{"level":"info","message":"11 has completed!","timestamp":"2026-03-10T06:44:37.496Z"}
